<?xml version="1.0" encoding="UTF-8"?>
<testng-results ignored="0" total="2" passed="1" failed="1" skipped="0">
  <reporter-output>
  </reporter-output>
  <suite started-at="2021-03-20T10:32:06 IST" name="Default suite" finished-at="2021-03-20T10:32:30 IST" duration-ms="23208">
    <groups>
    </groups>
    <test started-at="2021-03-20T10:32:06 IST" name="Default test" finished-at="2021-03-20T10:32:30 IST" duration-ms="23208">
      <class name="Enterprise.HomepageTest">
        <test-method is-config="true" signature="doBeforeSuite()[pri:0, instance:Enterprise.HomepageTest@2f54a33d]" started-at="2021-03-20T10:32:06 IST" name="doBeforeSuite" finished-at="2021-03-20T10:32:06 IST" duration-ms="249" status="PASS">
          <reporter-output>
          </reporter-output>
        </test-method> <!-- doBeforeSuite -->
        <test-method is-config="true" signature="doBeforeTest()[pri:0, instance:Enterprise.HomepageTest@2f54a33d]" started-at="2021-03-20T10:32:06 IST" name="doBeforeTest" finished-at="2021-03-20T10:32:06 IST" duration-ms="0" status="PASS">
          <reporter-output>
          </reporter-output>
        </test-method> <!-- doBeforeTest -->
        <test-method is-config="true" signature="doBeforeClass()[pri:0, instance:Enterprise.HomepageTest@2f54a33d]" started-at="2021-03-20T10:32:06 IST" name="doBeforeClass" finished-at="2021-03-20T10:32:06 IST" duration-ms="1" status="PASS">
          <reporter-output>
          </reporter-output>
        </test-method> <!-- doBeforeClass -->
        <test-method is-config="true" signature="doBeforeMethod(java.lang.reflect.Method)[pri:0, instance:Enterprise.HomepageTest@2f54a33d]" started-at="2021-03-20T10:32:06 IST" name="doBeforeMethod" finished-at="2021-03-20T10:32:18 IST" duration-ms="11840" status="PASS">
          <params>
            <param index="0">
              <value>
                <![CDATA[public void Enterprise.HomepageTest.cart()]]>
              </value>
            </param>
          </params>
          <reporter-output>
          </reporter-output>
        </test-method> <!-- doBeforeMethod -->
        <test-method signature="cart()[pri:0, instance:Enterprise.HomepageTest@2f54a33d]" started-at="2021-03-20T10:32:18 IST" name="cart" finished-at="2021-03-20T10:32:18 IST" duration-ms="26" status="FAIL">
          <exception class="java.lang.NullPointerException">
            <full-stacktrace>
              <![CDATA[java.lang.NullPointerException
at java.base/java.util.Objects.requireNonNull(Objects.java:208)
at org.openqa.selenium.support.ui.FluentWait.<init>(FluentWait.java:100)
at org.openqa.selenium.support.ui.WebDriverWait.<init>(WebDriverWait.java:128)
at org.openqa.selenium.support.ui.WebDriverWait.<init>(WebDriverWait.java:61)
at org.openqa.selenium.support.ui.WebDriverWait.<init>(WebDriverWait.java:48)
at Base.BasePage.getElement(BasePage.java:49)
at Base.BasePage.click(BasePage.java:76)
at Pages.Enterprise.Homepage.cart(Homepage.java:23)
at Enterprise.HomepageTest.cart(HomepageTest.java:24)
at java.base/jdk.internal.reflect.NativeMethodAccessorImpl.invoke0(Native Method)
at java.base/jdk.internal.reflect.NativeMethodAccessorImpl.invoke(NativeMethodAccessorImpl.java:64)
at java.base/jdk.internal.reflect.DelegatingMethodAccessorImpl.invoke(DelegatingMethodAccessorImpl.java:43)
at java.base/java.lang.reflect.Method.invoke(Method.java:564)
at org.testng.internal.MethodInvocationHelper.invokeMethod(MethodInvocationHelper.java:133)
at org.testng.internal.TestInvoker.invokeMethod(TestInvoker.java:584)
at org.testng.internal.TestInvoker.invokeTestMethod(TestInvoker.java:172)
at org.testng.internal.MethodRunner.runInSequence(MethodRunner.java:46)
at org.testng.internal.TestInvoker$MethodInvocationAgent.invoke(TestInvoker.java:804)
at org.testng.internal.TestInvoker.invokeTestMethods(TestInvoker.java:145)
at org.testng.internal.TestMethodWorker.invokeTestMethods(TestMethodWorker.java:146)
at org.testng.internal.TestMethodWorker.run(TestMethodWorker.java:128)
at java.base/java.util.ArrayList.forEach(ArrayList.java:1511)
at org.testng.TestRunner.privateRun(TestRunner.java:770)
at org.testng.TestRunner.run(TestRunner.java:591)
at org.testng.SuiteRunner.runTest(SuiteRunner.java:402)
at org.testng.SuiteRunner.runSequentially(SuiteRunner.java:396)
at org.testng.SuiteRunner.privateRun(SuiteRunner.java:355)
at org.testng.SuiteRunner.run(SuiteRunner.java:304)
at org.testng.SuiteRunnerWorker.runSuite(SuiteRunnerWorker.java:53)
at org.testng.SuiteRunnerWorker.run(SuiteRunnerWorker.java:96)
at org.testng.TestNG.runSuitesSequentially(TestNG.java:1180)
at org.testng.TestNG.runSuitesLocally(TestNG.java:1102)
at org.testng.TestNG.runSuites(TestNG.java:1032)
at org.testng.TestNG.run(TestNG.java:1000)
at org.testng.remote.AbstractRemoteTestNG.run(AbstractRemoteTestNG.java:115)
at org.testng.remote.RemoteTestNG.initAndRun(RemoteTestNG.java:251)
at org.testng.remote.RemoteTestNG.main(RemoteTestNG.java:77)
]]>
            </full-stacktrace>
          </exception> <!-- java.lang.NullPointerException -->
          <reporter-output>
          </reporter-output>
        </test-method> <!-- cart -->
        <test-method is-config="true" signature="doAfterMethod(org.testng.ITestResult)[pri:0, instance:Enterprise.HomepageTest@2f54a33d]" started-at="2021-03-20T10:32:18 IST" name="doAfterMethod" finished-at="2021-03-20T10:32:19 IST" duration-ms="668" status="PASS">
          <params>
            <param index="0">
              <value>
                <![CDATA[[TestResult name=cart status=FAILURE method=HomepageTest.cart()[pri:0, instance:Enterprise.HomepageTest@2f54a33d] output={null}]]]>
              </value>
            </param>
          </params>
          <reporter-output>
          </reporter-output>
        </test-method> <!-- doAfterMethod -->
        <test-method is-config="true" signature="doBeforeMethod(java.lang.reflect.Method)[pri:0, instance:Enterprise.HomepageTest@2f54a33d]" started-at="2021-03-20T10:32:19 IST" name="doBeforeMethod" finished-at="2021-03-20T10:32:27 IST" duration-ms="8085" status="PASS">
          <params>
            <param index="0">
              <value>
                <![CDATA[public void Enterprise.HomepageTest.verifyuser()]]>
              </value>
            </param>
          </params>
          <reporter-output>
          </reporter-output>
        </test-method> <!-- doBeforeMethod -->
        <test-method signature="verifyuser()[pri:0, instance:Enterprise.HomepageTest@2f54a33d]" started-at="2021-03-20T10:32:27 IST" name="verifyuser" finished-at="2021-03-20T10:32:29 IST" duration-ms="1898" status="PASS">
          <reporter-output>
          </reporter-output>
        </test-method> <!-- verifyuser -->
        <test-method is-config="true" signature="doAfterMethod(org.testng.ITestResult)[pri:0, instance:Enterprise.HomepageTest@2f54a33d]" started-at="2021-03-20T10:32:29 IST" name="doAfterMethod" finished-at="2021-03-20T10:32:30 IST" duration-ms="638" status="PASS">
          <params>
            <param index="0">
              <value>
                <![CDATA[[TestResult name=verifyuser status=SUCCESS method=HomepageTest.verifyuser()[pri:0, instance:Enterprise.HomepageTest@2f54a33d] output={null}]]]>
              </value>
            </param>
          </params>
          <reporter-output>
          </reporter-output>
        </test-method> <!-- doAfterMethod -->
        <test-method is-config="true" signature="doAfterClass()[pri:0, instance:Enterprise.HomepageTest@2f54a33d]" started-at="2021-03-20T10:32:30 IST" name="doAfterClass" finished-at="2021-03-20T10:32:30 IST" duration-ms="1" status="PASS">
          <reporter-output>
          </reporter-output>
        </test-method> <!-- doAfterClass -->
        <test-method is-config="true" signature="doAfterTest()[pri:0, instance:Enterprise.HomepageTest@2f54a33d]" started-at="2021-03-20T10:32:30 IST" name="doAfterTest" finished-at="2021-03-20T10:32:30 IST" duration-ms="1" status="PASS">
          <reporter-output>
          </reporter-output>
        </test-method> <!-- doAfterTest -->
        <test-method is-config="true" signature="doAfterSuite()[pri:0, instance:Enterprise.HomepageTest@2f54a33d]" started-at="2021-03-20T10:32:30 IST" name="doAfterSuite" finished-at="2021-03-20T10:32:30 IST" duration-ms="313" status="PASS">
          <reporter-output>
          </reporter-output>
        </test-method> <!-- doAfterSuite -->
      </class> <!-- Enterprise.HomepageTest -->
    </test> <!-- Default test -->
  </suite> <!-- Default suite -->
</testng-results>
